2021-10-05 21:42:34 - RemoveUsersWithoutImages - 3bulldogges - 'media_count_total'
2021-10-05 21:42:34 - RemoveUsersWithoutImages - andrewknapp - 'media_count_total'
2021-10-05 21:42:34 - RemoveUsersWithoutImages - angelcitypits - 'media_count_total'
2021-10-05 21:42:34 - RemoveUsersWithoutImages - archieanddonaldandgus - 'media_count_total'
2021-10-05 21:42:34 - RemoveUsersWithoutImages - aspenthemountainpup - 'media_count_total'
2021-10-05 21:42:34 - RemoveUsersWithoutImages - baby.beckham - 'media_count_total'
2021-10-05 21:42:34 - RemoveUsersWithoutImages - barkleysircharles - 'media_count_total'
2021-10-05 21:42:34 - RemoveUsersWithoutImages - bearcoat_tonkey - 'media_count_total'
2021-10-05 21:42:34 - RemoveUsersWithoutImages - bestfriendsanimalsociety - 'media_count_total'
2021-10-05 21:42:34 - RemoveUsersWithoutImages - bleuintheburg - 'media_count_total'
2021-10-05 21:42:34 - RemoveUsersWithoutImages - brussels.sprout - 'media_count_total'
2021-10-05 21:42:34 - RemoveUsersWithoutImages - buddyboowaggytails - 'media_count_total'
2021-10-05 21:42:34 - RemoveUsersWithoutImages - burrito_the_corgi - 'media_count_total'
2021-10-05 21:42:34 - RemoveUsersWithoutImages - cheddarsayscheese - 'media_count_total'
2021-10-05 21:42:34 - RemoveUsersWithoutImages - chloetheminifrenchie - 'media_count_total'
2021-10-05 21:42:34 - RemoveUsersWithoutImages - coop_and_capo - 'media_count_total'
2021-10-05 21:42:34 - RemoveUsersWithoutImages - corgnelius - 'media_count_total'
2021-10-05 21:42:34 - RemoveUsersWithoutImages - crusoe_dachshund - 'media_count_total'
2021-10-05 21:42:34 - RemoveUsersWithoutImages - dailydoseopuppies - 'media_count_total'
2021-10-05 21:42:34 - RemoveUsersWithoutImages - dailydougie - 'media_count_total'
2021-10-05 21:42:34 - RemoveUsersWithoutImages - dallaspetsalive - 'media_count_total'
2021-10-05 21:42:34 - RemoveUsersWithoutImages - dazeofdukeandsully - 'media_count_total'
2021-10-05 21:42:34 - RemoveUsersWithoutImages - deanthebasset - 'media_count_total'
2021-10-05 21:42:34 - RemoveUsersWithoutImages - dekalbanimals - 'media_count_total'
2021-10-05 21:42:34 - RemoveUsersWithoutImages - detroitdogrescue - 'media_count_total'
2021-10-05 21:42:34 - RemoveUsersWithoutImages - dexthestaffy - 'media_count_total'
2021-10-05 21:42:34 - RemoveUsersWithoutImages - dflrescue - 'media_count_total'
2021-10-05 21:42:34 - RemoveUsersWithoutImages - django_and_chloe - 'media_count_total'
2021-10-05 21:42:34 - RemoveUsersWithoutImages - dogswiss - 'media_count_total'
2021-10-05 21:42:34 - RemoveUsersWithoutImages - drakeugriff - 'media_count_total'
2021-10-05 21:42:34 - RemoveUsersWithoutImages - dwightanddaryl - 'media_count_total'
2021-10-05 21:42:34 - RemoveUsersWithoutImages - eddiethebrussels - 'media_count_total'
2021-10-05 21:42:34 - RemoveUsersWithoutImages - emwng - 'media_count_total'
2021-10-05 21:42:34 - RemoveUsersWithoutImages - goldenjays - 'media_count_total'
2021-10-05 21:42:34 - RemoveUsersWithoutImages - hi_im_chewie - 'media_count_total'
2021-10-05 21:42:34 - RemoveUsersWithoutImages - iheartmiles - 'media_count_total'
2021-10-05 21:42:34 - RemoveUsersWithoutImages - ilovefamilydog - 'media_count_total'
2021-10-05 21:42:34 - RemoveUsersWithoutImages - jackson_the_dalmatian - 'media_count_total'
2021-10-05 21:42:34 - RemoveUsersWithoutImages - jazzydownlow - 'media_count_total'
2021-10-05 21:42:34 - RemoveUsersWithoutImages - jiffpomcutelife - 'media_count_total'
2021-10-05 21:42:34 - RemoveUsersWithoutImages - juicyjamesfranco - 'media_count_total'
2021-10-05 21:42:35 - RemoveUsersWithoutImages - kingkingsley__ - 'media_count_total'
2021-10-05 21:42:35 - RemoveUsersWithoutImages - kingsleyandsailor - 'media_count_total'
2021-10-05 21:42:35 - RemoveUsersWithoutImages - lifewithleroy - 'media_count_total'
2021-10-05 21:42:35 - RemoveUsersWithoutImages - lifewithshibo - 'media_count_total'
2021-10-05 21:42:35 - RemoveUsersWithoutImages - lillyandthehairless - 'media_count_total'
2021-10-05 21:42:35 - RemoveUsersWithoutImages - lilythewhippet - 'media_count_total'
2021-10-05 21:42:35 - RemoveUsersWithoutImages - lil_rufio - 'media_count_total'
2021-10-05 21:42:35 - RemoveUsersWithoutImages - lizzie.bear - 'media_count_total'
2021-10-05 21:42:35 - RemoveUsersWithoutImages - lokistagram - 'media_count_total'
2021-10-05 21:42:35 - RemoveUsersWithoutImages - louboutinanyc - 'media_count_total'
2021-10-05 21:42:35 - RemoveUsersWithoutImages - loulouminidachshund - 'media_count_total'
2021-10-05 21:42:35 - RemoveUsersWithoutImages - majortheyorkie - 'media_count_total'
2021-10-05 21:42:35 - RemoveUsersWithoutImages - maymothedog - 'media_count_total'
2021-10-05 21:42:35 - RemoveUsersWithoutImages - mensweardog - 'media_count_total'
2021-10-05 21:42:35 - RemoveUsersWithoutImages - michcant - 'media_count_total'
2021-10-05 21:42:35 - RemoveUsersWithoutImages - muppetsrevenge - 'media_count_total'
2021-10-05 21:42:35 - RemoveUsersWithoutImages - nevillejacobs - 'media_count_total'
2021-10-05 21:42:35 - RemoveUsersWithoutImages - newyorkbullycrew - 'media_count_total'
2021-10-05 21:42:35 - RemoveUsersWithoutImages - norbertthedog - 'media_count_total'
2021-10-05 21:42:35 - RemoveUsersWithoutImages - pavlovthecorgi - 'media_count_total'
2021-10-05 21:42:35 - RemoveUsersWithoutImages - poochofnyc - 'media_count_total'
2021-10-05 21:42:35 - RemoveUsersWithoutImages - popeyethefoodie - 'media_count_total'
2021-10-05 21:42:35 - RemoveUsersWithoutImages - ps.ny - 'media_count_total'
2021-10-05 21:42:35 - RemoveUsersWithoutImages - puppiesforall - 'media_count_total'
2021-10-05 21:42:35 - RemoveUsersWithoutImages - puppiesofinstagram - 'media_count_total'
2021-10-05 21:42:35 - RemoveUsersWithoutImages - puppytribe - 'media_count_total'
2021-10-05 21:42:35 - RemoveUsersWithoutImages - quite_a_red - 'media_count_total'
2021-10-05 21:42:35 - RemoveUsersWithoutImages - raisingteddy - 'media_count_total'
2021-10-05 21:42:35 - RemoveUsersWithoutImages - reagandoodle - 'media_count_total'
2021-10-05 21:42:35 - RemoveUsersWithoutImages - renecharlesnyc - 'media_count_total'
2021-10-05 21:42:35 - RemoveUsersWithoutImages - roofusandkilo - 'media_count_total'
2021-10-05 21:42:35 - RemoveUsersWithoutImages - sgt_bulldog - 'media_count_total'
2021-10-05 21:42:35 - RemoveUsersWithoutImages - shihtzusofinstagram - 'media_count_total'
2021-10-05 21:42:35 - RemoveUsersWithoutImages - shila_the_pom - 'media_count_total'
2021-10-05 21:42:35 - RemoveUsersWithoutImages - siberianhusky_jax - 'media_count_total'
2021-10-05 21:42:35 - RemoveUsersWithoutImages - snowyfoxterrier - 'media_count_total'
2021-10-05 21:42:35 - RemoveUsersWithoutImages - strayfromtheheart - 'media_count_total'
2021-10-05 21:42:35 - RemoveUsersWithoutImages - susiesseniordogs - 'media_count_total'
2021-10-05 21:42:35 - RemoveUsersWithoutImages - theneighbourhoodwolf - 'media_count_total'
2021-10-05 21:42:35 - RemoveUsersWithoutImages - the_blueboys - 'media_count_total'
2021-10-05 21:42:35 - RemoveUsersWithoutImages - tibbythecorgi - 'media_count_total'
2021-10-05 21:42:35 - RemoveUsersWithoutImages - tuckerthewestie - 'media_count_total'
2021-10-05 21:42:35 - RemoveUsersWithoutImages - wagsandwalks - 'media_count_total'
2021-10-05 21:42:35 - RemoveUsersWithoutImages - williecute - 'media_count_total'
2021-10-05 21:42:35 - RemoveUsersWithoutImages - winstonthewhitecorgi - 'media_count_total'
2021-10-05 21:42:35 - RemoveUsersWithoutImages - wontonsoup_the_peke - 'media_count_total'
2021-10-05 21:42:35 - RemoveUsersWithoutImages - _wand_wand - 'media_count_total'
